  LedgerInfo.cpp
  maxSearch.cpp
  DllEntry.cpp
  MySQLConnector.cxx
c:\program files\mysql\connectorcpp\include\cppconn\sqlstring.h(39): warning C4251: “sql::SQLString::realStr”: class“std::basic_string<_Elem,_Traits,_Alloc>”需要有 dll 接口由 class“sql::SQLString”的客户端使用
          with
          [
              _Elem=char,
              _Traits=std::char_traits<char>,
              _Alloc=std::allocator<char>
          ] (MySQLConnector.cxx)
c:\program files\mysql\connectorcpp\include\cppconn\warning.h(64): warning C4100: “e”: 未引用的形参 (MySQLConnector.cxx)
c:\program files\mysql\connectorcpp\include\cppconn\exception.h(61): warning C4251: “sql::SQLException::sql_state”: class“std::basic_string<_Elem,_Traits,_Alloc>”需要有 dll 接口由 class“sql::SQLException”的客户端使用
          with
          [
              _Elem=char,
              _Traits=std::char_traits<char>,
              _Alloc=std::allocator<char>
          ] (MySQLConnector.cxx)
c:\program files\mysql\connectorcpp\include\cppconn\exception.h(99): warning C4512: “sql::SQLException”: 未能生成赋值运算符 (MySQLConnector.cxx)
          c:\program files\mysql\connectorcpp\include\cppconn\exception.h(55) : 参见“sql::SQLException”的声明
c:\program files\mysql\connectorcpp\include\cppconn\exception.h(105): warning C4512: “sql::MethodNotImplementedException”: 未能生成赋值运算符 (MySQLConnector.cxx)
          c:\program files\mysql\connectorcpp\include\cppconn\exception.h(101) : 参见“sql::MethodNotImplementedException”的声明
c:\program files\mysql\connectorcpp\include\cppconn\exception.h(111): warning C4512: “sql::InvalidArgumentException”: 未能生成赋值运算符 (MySQLConnector.cxx)
          c:\program files\mysql\connectorcpp\include\cppconn\exception.h(107) : 参见“sql::InvalidArgumentException”的声明
c:\program files\mysql\connectorcpp\include\cppconn\exception.h(117): warning C4512: “sql::InvalidInstanceException”: 未能生成赋值运算符 (MySQLConnector.cxx)
          c:\program files\mysql\connectorcpp\include\cppconn\exception.h(113) : 参见“sql::InvalidInstanceException”的声明
c:\program files\mysql\connectorcpp\include\cppconn\exception.h(124): warning C4512: “sql::NonScrollableException”: 未能生成赋值运算符 (MySQLConnector.cxx)
          c:\program files\mysql\connectorcpp\include\cppconn\exception.h(120) : 参见“sql::NonScrollableException”的声明
c:\program files\mysql\connectorcpp\include\cppconn\exception.h(145): warning C4251: “sql::SQLUnsupportedOptionException::option”: class“std::basic_string<_Elem,_Traits,_Alloc>”需要有 dll 接口由 struct“sql::SQLUnsupportedOptionException”的客户端使用
          with
          [
              _Elem=char,
              _Traits=std::char_traits<char>,
              _Alloc=std::allocator<char>
          ] (MySQLConnector.cxx)
c:\program files\mysql\connectorcpp\include\cppconn\exception.h(146): warning C4512: “sql::SQLUnsupportedOptionException”: 未能生成赋值运算符 (MySQLConnector.cxx)
          c:\program files\mysql\connectorcpp\include\cppconn\exception.h(126) : 参见“sql::SQLUnsupportedOptionException”的声明
c:\program files\mysql\connectorcpp\include\mysql_driver.h(52): warning C4251: “sql::mysql::MySQL_Driver::proxy”: class“boost::scoped_ptr<T>”需要有 dll 接口由 class“sql::mysql::MySQL_Driver”的客户端使用
          with
          [
              T=sql::mysql::NativeAPI::NativeDriverWrapper
          ] (MySQLConnector.cxx)
  Searcher.cpp
c:\program files\mysql\connectorcpp\include\mysql_connection.h(175): warning C4251: “sql::mysql::MySQL_Connection::proxy”: class“boost::shared_ptr<T>”需要有 dll 接口由 class“sql::mysql::MySQL_Connection”的客户端使用
          with
          [
              T=sql::mysql::NativeAPI::NativeConnectionWrapper
          ] (MySQLConnector.cxx)
c:\program files\mysql\connectorcpp\include\mysql_connection.h(179): warning C4251: “sql::mysql::MySQL_Connection::service”: class“boost::scoped_ptr<T>”需要有 dll 接口由 class“sql::mysql::MySQL_Connection”的客户端使用
          with
          [
              T=sql::mysql::MySQL_Statement
          ] (MySQLConnector.cxx)
c:\program files\mysql\connectorcpp\include\mysql_connection.h(181): warning C4251: “sql::mysql::MySQL_Connection::intern”: class“boost::scoped_ptr<T>”需要有 dll 接口由 class“sql::mysql::MySQL_Connection”的客户端使用
          with
          [
              T=sql::mysql::MySQL_ConnectionData
          ] (MySQLConnector.cxx)
c:\program files\mysql\connectorcpp\include\cppconn\sqlstring.h(39): warning C4251: “sql::SQLString::realStr”: class“std::basic_string<_Elem,_Traits,_Alloc>”需要有 dll 接口由 class“sql::SQLString”的客户端使用
          with
          [
              _Elem=char,
              _Traits=std::char_traits<char>,
              _Alloc=std::allocator<char>
          ] (Searcher.cpp)
c:\program files\mysql\connectorcpp\include\cppconn\exception.h(61): warning C4251: “sql::SQLException::sql_state”: class“std::basic_string<_Elem,_Traits,_Alloc>”需要有 dll 接口由 class“sql::SQLException”的客户端使用
          with
          [
              _Elem=char,
              _Traits=std::char_traits<char>,
              _Alloc=std::allocator<char>
          ] (Searcher.cpp)
c:\program files\mysql\connectorcpp\include\cppconn\exception.h(99): warning C4512: “sql::SQLException”: 未能生成赋值运算符 (Searcher.cpp)
          c:\program files\mysql\connectorcpp\include\cppconn\exception.h(55) : 参见“sql::SQLException”的声明
c:\program files\mysql\connectorcpp\include\cppconn\exception.h(105): warning C4512: “sql::MethodNotImplementedException”: 未能生成赋值运算符 (Searcher.cpp)
          c:\program files\mysql\connectorcpp\include\cppconn\exception.h(101) : 参见“sql::MethodNotImplementedException”的声明
c:\program files\mysql\connectorcpp\include\cppconn\exception.h(111): warning C4512: “sql::InvalidArgumentException”: 未能生成赋值运算符 (Searcher.cpp)
          c:\program files\mysql\connectorcpp\include\cppconn\exception.h(107) : 参见“sql::InvalidArgumentException”的声明
c:\program files\mysql\connectorcpp\include\cppconn\exception.h(117): warning C4512: “sql::InvalidInstanceException”: 未能生成赋值运算符 (Searcher.cpp)
          c:\program files\mysql\connectorcpp\include\cppconn\exception.h(113) : 参见“sql::InvalidInstanceException”的声明
c:\program files\mysql\connectorcpp\include\cppconn\exception.h(124): warning C4512: “sql::NonScrollableException”: 未能生成赋值运算符 (Searcher.cpp)
          c:\program files\mysql\connectorcpp\include\cppconn\exception.h(120) : 参见“sql::NonScrollableException”的声明
c:\program files\mysql\connectorcpp\include\cppconn\exception.h(145): warning C4251: “sql::SQLUnsupportedOptionException::option”: class“std::basic_string<_Elem,_Traits,_Alloc>”需要有 dll 接口由 struct“sql::SQLUnsupportedOptionException”的客户端使用
          with
          [
              _Elem=char,
              _Traits=std::char_traits<char>,
              _Alloc=std::allocator<char>
          ] (Searcher.cpp)
c:\program files\mysql\connectorcpp\include\cppconn\exception.h(146): warning C4512: “sql::SQLUnsupportedOptionException”: 未能生成赋值运算符 (Searcher.cpp)
          c:\program files\mysql\connectorcpp\include\cppconn\exception.h(126) : 参见“sql::SQLUnsupportedOptionException”的声明
c:\program files\mysql\connectorcpp\include\cppconn\warning.h(64): warning C4100: “e”: 未引用的形参 (Searcher.cpp)
c:\program files\mysql\connectorcpp\include\mysql_driver.h(52): warning C4251: “sql::mysql::MySQL_Driver::proxy”: class“boost::scoped_ptr<T>”需要有 dll 接口由 class“sql::mysql::MySQL_Driver”的客户端使用
          with
          [
              T=sql::mysql::NativeAPI::NativeDriverWrapper
          ] (Searcher.cpp)
c:\program files\mysql\connectorcpp\include\mysql_connection.h(175): warning C4251: “sql::mysql::MySQL_Connection::proxy”: class“boost::shared_ptr<T>”需要有 dll 接口由 class“sql::mysql::MySQL_Connection”的客户端使用
          with
          [
              T=sql::mysql::NativeAPI::NativeConnectionWrapper
          ] (Searcher.cpp)
c:\program files\mysql\connectorcpp\include\mysql_connection.h(179): warning C4251: “sql::mysql::MySQL_Connection::service”: class“boost::scoped_ptr<T>”需要有 dll 接口由 class“sql::mysql::MySQL_Connection”的客户端使用
          with
          [
              T=sql::mysql::MySQL_Statement
          ] (Searcher.cpp)
c:\program files\mysql\connectorcpp\include\mysql_connection.h(181): warning C4251: “sql::mysql::MySQL_Connection::intern”: class“boost::scoped_ptr<T>”需要有 dll 接口由 class“sql::mysql::MySQL_Connection”的客户端使用
          with
          [
              T=sql::mysql::MySQL_ConnectionData
          ] (Searcher.cpp)
d:\workspaces\maxsearch\mysqlconnector.cxx(143): warning C4267: “参数”: 从“size_t”转换到“int”，可能丢失数据
d:\workspaces\maxsearch\mysqlconnector.cxx(170): warning C4267: “参数”: 从“size_t”转换到“int”，可能丢失数据
d:\workspaces\maxsearch\mysqlconnector.cxx(232): warning C4286: “sql::InvalidArgumentException &”: 由基类(“sql::SQLException &”)在行 216 上捕获
d:\workspaces\maxsearch\mysqlconnector.cxx(292): warning C4286: “sql::InvalidArgumentException &”: 由基类(“sql::SQLException &”)在行 276 上捕获
d:\workspaces\maxsearch\mysqlconnector.cxx(355): warning C4286: “sql::InvalidArgumentException &”: 由基类(“sql::SQLException &”)在行 339 上捕获
d:\workspaces\maxsearch\mysqlconnector.cxx(424): warning C4286: “sql::InvalidArgumentException &”: 由基类(“sql::SQLException &”)在行 408 上捕获
d:\workspaces\maxsearch\mysqlconnector.cxx(511): warning C4286: “sql::InvalidArgumentException &”: 由基类(“sql::SQLException &”)在行 495 上捕获
d:\workspaces\maxsearch\mysqlconnector.cxx(566): warning C4286: “sql::InvalidArgumentException &”: 由基类(“sql::SQLException &”)在行 550 上捕获
d:\workspaces\maxsearch\mysqlconnector.cxx(843): warning C4286: “sql::InvalidArgumentException &”: 由基类(“sql::SQLException &”)在行 827 上捕获
d:\workspaces\maxsearch\mysqlconnector.cxx(866): warning C4189: “updatecount”: 局部变量已初始化但不引用
d:\workspaces\maxsearch\mysqlconnector.cxx(940): warning C4286: “sql::InvalidArgumentException &”: 由基类(“sql::SQLException &”)在行 924 上捕获
c:\program files\mysql\connectorcpp\include\cppconn\sqlstring.h(39): warning C4251: “sql::SQLString::realStr”: class“std::basic_string<_Elem,_Traits,_Alloc>”需要有 dll 接口由 class“sql::SQLString”的客户端使用
          with
          [
              _Elem=char,
              _Traits=std::char_traits<char>,
              _Alloc=std::allocator<char>
          ] (maxSearch.cpp)
c:\program files\mysql\connectorcpp\include\cppconn\exception.h(61): warning C4251: “sql::SQLException::sql_state”: class“std::basic_string<_Elem,_Traits,_Alloc>”需要有 dll 接口由 class“sql::SQLException”的客户端使用
          with
          [
              _Elem=char,
              _Traits=std::char_traits<char>,
              _Alloc=std::allocator<char>
          ] (maxSearch.cpp)
c:\program files\mysql\connectorcpp\include\cppconn\exception.h(99): warning C4512: “sql::SQLException”: 未能生成赋值运算符 (maxSearch.cpp)
          c:\program files\mysql\connectorcpp\include\cppconn\exception.h(55) : 参见“sql::SQLException”的声明
c:\program files\mysql\connectorcpp\include\cppconn\exception.h(105): warning C4512: “sql::MethodNotImplementedException”: 未能生成赋值运算符 (maxSearch.cpp)
          c:\program files\mysql\connectorcpp\include\cppconn\exception.h(101) : 参见“sql::MethodNotImplementedException”的声明
c:\program files\mysql\connectorcpp\include\cppconn\exception.h(111): warning C4512: “sql::InvalidArgumentException”: 未能生成赋值运算符 (maxSearch.cpp)
          c:\program files\mysql\connectorcpp\include\cppconn\exception.h(107) : 参见“sql::InvalidArgumentException”的声明
c:\program files\mysql\connectorcpp\include\cppconn\exception.h(117): warning C4512: “sql::InvalidInstanceException”: 未能生成赋值运算符 (maxSearch.cpp)
          c:\program files\mysql\connectorcpp\include\cppconn\exception.h(113) : 参见“sql::InvalidInstanceException”的声明
c:\program files\mysql\connectorcpp\include\cppconn\exception.h(124): warning C4512: “sql::NonScrollableException”: 未能生成赋值运算符 (maxSearch.cpp)
          c:\program files\mysql\connectorcpp\include\cppconn\exception.h(120) : 参见“sql::NonScrollableException”的声明
c:\program files\mysql\connectorcpp\include\cppconn\exception.h(145): warning C4251: “sql::SQLUnsupportedOptionException::option”: class“std::basic_string<_Elem,_Traits,_Alloc>”需要有 dll 接口由 struct“sql::SQLUnsupportedOptionException”的客户端使用
          with
          [
              _Elem=char,
              _Traits=std::char_traits<char>,
              _Alloc=std::allocator<char>
          ] (maxSearch.cpp)
c:\program files\mysql\connectorcpp\include\cppconn\exception.h(146): warning C4512: “sql::SQLUnsupportedOptionException”: 未能生成赋值运算符 (maxSearch.cpp)
          c:\program files\mysql\connectorcpp\include\cppconn\exception.h(126) : 参见“sql::SQLUnsupportedOptionException”的声明
c:\program files\mysql\connectorcpp\include\cppconn\warning.h(64): warning C4100: “e”: 未引用的形参 (maxSearch.cpp)
c:\program files\mysql\connectorcpp\include\mysql_driver.h(52): warning C4251: “sql::mysql::MySQL_Driver::proxy”: class“boost::scoped_ptr<T>”需要有 dll 接口由 class“sql::mysql::MySQL_Driver”的客户端使用
          with
          [
              T=sql::mysql::NativeAPI::NativeDriverWrapper
          ] (maxSearch.cpp)
c:\program files\mysql\connectorcpp\include\mysql_connection.h(175): warning C4251: “sql::mysql::MySQL_Connection::proxy”: class“boost::shared_ptr<T>”需要有 dll 接口由 class“sql::mysql::MySQL_Connection”的客户端使用
          with
          [
              T=sql::mysql::NativeAPI::NativeConnectionWrapper
          ] (maxSearch.cpp)
c:\program files\mysql\connectorcpp\include\mysql_connection.h(179): warning C4251: “sql::mysql::MySQL_Connection::service”: class“boost::scoped_ptr<T>”需要有 dll 接口由 class“sql::mysql::MySQL_Connection”的客户端使用
          with
          [
              T=sql::mysql::MySQL_Statement
          ] (maxSearch.cpp)
c:\program files\mysql\connectorcpp\include\mysql_connection.h(181): warning C4251: “sql::mysql::MySQL_Connection::intern”: class“boost::scoped_ptr<T>”需要有 dll 接口由 class“sql::mysql::MySQL_Connection”的客户端使用
          with
          [
              T=sql::mysql::MySQL_ConnectionData
          ] (maxSearch.cpp)
c:\program files (x86)\microsoft visual studio 11.0\vc\include\thr\xthread(172): warning C4265: “std::_Pad”: 类有虚函数，但析构函数不是虚拟的
          该类的实例可能不能正确析构 (maxSearch.cpp)
d:\workspaces\maxsearch\maxsearch.cpp(110): warning C4512: “SearchDialog”: 未能生成赋值运算符
          d:\workspaces\maxsearch\maxsearch.cpp(27) : 参见“SearchDialog”的声明
d:\workspaces\maxsearch\maxsearch.cpp(498): warning C4267: “=”: 从“size_t”转换到“int”，可能丢失数据
     正在创建库 D:\Workspaces\MaxSearch\\obj\x64\Debug\\maxSearch.lib 和对象 D:\Workspaces\MaxSearch\\obj\x64\Debug\\maxSearch.exp
  maxSearch.vcxproj -> C:\Program Files\Autodesk\3ds Max 2016\plugins\maxSearch.dlu
  ==== RunMUIRCT: Start ====
  RunMUIRCT: WARNING - Could not find version info in file: C:\Program Files\Autodesk\3ds Max 2016\plugins\maxSearch.dlu
  
  There is no version resource in the file 
  Language neutral file (C:\Users\ADMINI~1\AppData\Local\Temp\RunMUIRCT\maxSearch.dlu.ln) successfully created
  MUI file (C:\Users\ADMINI~1\AppData\Local\Temp\RunMUIRCT\maxSearch.dlu.mui) successfully created 
  FixCheckSum: No checksum fix required
  ==== RunMUIRCT: Successs ====
