D:\WORKSPACES\MAXSEARCH\OBJ\X64\DEBUG\LEDGERINFO.OBJ
D:\WORKSPACES\MAXSEARCH\OBJ\X64\DEBUG\DLLENTRY.OBJ
D:\WORKSPACES\MAXSEARCH\OBJ\X64\DEBUG\MYSQLCONNECTOR.OBJ
D:\WORKSPACES\MAXSEARCH\OBJ\X64\DEBUG\SEARCHER.OBJ
D:\Workspaces\MaxSearch\obj\x64\Debug\DllEntry.obj
D:\Workspaces\MaxSearch\obj\x64\Debug\LedgerInfo.obj
D:\Workspaces\MaxSearch\obj\x64\Debug\MySQLConnector.obj
D:\Workspaces\MaxSearch\obj\x64\Debug\Searcher.obj
D:\Workspaces\MaxSearch\obj\x64\Debug\CL.13388.read.1.tlog
D:\Workspaces\MaxSearch\obj\x64\Debug\CL.13388.write.1.tlog
D:\Workspaces\MaxSearch\obj\x64\Debug\CL.14276.read.1.tlog
D:\Workspaces\MaxSearch\obj\x64\Debug\CL.14276.write.1.tlog
D:\Workspaces\MaxSearch\obj\x64\Debug\CL.8880.read.1.tlog
D:\Workspaces\MaxSearch\obj\x64\Debug\CL.8880.write.1.tlog
D:\Workspaces\MaxSearch\obj\x64\Debug\CL.9592.read.1.tlog
D:\Workspaces\MaxSearch\obj\x64\Debug\CL.9592.write.1.tlog
D:\Workspaces\MaxSearch\obj\x64\Debug\cl.command.1.tlog
D:\Workspaces\MaxSearch\obj\x64\Debug\CL.read.1.tlog
D:\Workspaces\MaxSearch\obj\x64\Debug\cl.write.1.tlog
D:\Workspaces\MaxSearch\obj\x64\Debug\vc110.pdb
